2020-12-14 19:03:33,630 INFO [main] m.j.s.Main [Main.java:80] Početak aplikacije
2020-12-14 19:03:33,638 INFO [main] m.j.s.Main [Main.java:82] Učitavanje županija
2020-12-14 19:03:33,642 INFO [main] m.j.s.Main [Main.java:99] Učitavanje simptoma
2020-12-14 19:03:33,645 INFO [main] m.j.s.Main [Main.java:122] Učitavanje bolesti
2020-12-14 19:03:33,647 INFO [main] m.j.s.Main [Main.java:142] Učitavanje virusa
2020-12-14 19:03:33,649 INFO [main] m.j.s.Main [Main.java:162] Učitavanje osoba
2020-12-14 19:03:33,653 INFO [main] m.j.s.Main [Main.java:207] Završen upis podataka
2020-12-14 19:05:33,478 INFO [main] m.j.s.Main [Main.java:80] Početak aplikacije
2020-12-14 19:05:33,495 INFO [main] m.j.s.Main [Main.java:82] Učitavanje županija
2020-12-14 19:05:33,500 INFO [main] m.j.s.Main [Main.java:99] Učitavanje simptoma
2020-12-14 19:05:33,505 INFO [main] m.j.s.Main [Main.java:122] Učitavanje bolesti
2020-12-14 19:05:33,508 INFO [main] m.j.s.Main [Main.java:142] Učitavanje virusa
2020-12-14 19:05:33,511 INFO [main] m.j.s.Main [Main.java:162] Učitavanje osoba
2020-12-14 19:05:33,522 INFO [main] m.j.s.Main [Main.java:207] Završen upis podataka
2020-12-14 19:07:41,780 INFO [main] m.j.s.Main [Main.java:80] Početak aplikacije
2020-12-14 19:07:41,787 INFO [main] m.j.s.Main [Main.java:82] Učitavanje županija
2020-12-14 19:07:41,791 INFO [main] m.j.s.Main [Main.java:99] Učitavanje simptoma
2020-12-14 19:07:41,795 INFO [main] m.j.s.Main [Main.java:122] Učitavanje bolesti
2020-12-14 19:07:41,799 INFO [main] m.j.s.Main [Main.java:142] Učitavanje virusa
2020-12-14 19:07:41,801 INFO [main] m.j.s.Main [Main.java:162] Učitavanje osoba
2020-12-14 19:07:41,805 INFO [main] m.j.s.Main [Main.java:207] Završen upis podataka
2020-12-14 19:09:56,159 INFO [main] m.j.s.Main [Main.java:80] Početak aplikacije
2020-12-14 19:09:56,164 INFO [main] m.j.s.Main [Main.java:82] Učitavanje županija
2020-12-14 19:09:56,168 INFO [main] m.j.s.Main [Main.java:99] Učitavanje simptoma
2020-12-14 19:09:56,172 INFO [main] m.j.s.Main [Main.java:122] Učitavanje bolesti
2020-12-14 19:09:56,174 INFO [main] m.j.s.Main [Main.java:142] Učitavanje virusa
2020-12-14 19:09:56,176 INFO [main] m.j.s.Main [Main.java:162] Učitavanje osoba
2020-12-14 19:09:56,179 INFO [main] m.j.s.Main [Main.java:207] Završen upis podataka
2020-12-14 19:15:17,150 INFO [main] m.j.s.Main [Main.java:80] Početak aplikacije
2020-12-14 19:15:17,156 INFO [main] m.j.s.Main [Main.java:82] Učitavanje županija
2020-12-14 19:15:17,159 INFO [main] m.j.s.Main [Main.java:99] Učitavanje simptoma
2020-12-14 19:15:17,162 INFO [main] m.j.s.Main [Main.java:122] Učitavanje bolesti
2020-12-14 19:15:17,164 INFO [main] m.j.s.Main [Main.java:142] Učitavanje virusa
2020-12-14 19:15:17,166 INFO [main] m.j.s.Main [Main.java:162] Učitavanje osoba
2020-12-14 19:15:17,169 INFO [main] m.j.s.Main [Main.java:207] Završen upis podataka
2020-12-14 19:15:26,380 INFO [main] m.j.s.Main [Main.java:80] Početak aplikacije
2020-12-14 19:15:26,394 INFO [main] m.j.s.Main [Main.java:82] Učitavanje županija
2020-12-14 19:15:26,399 INFO [main] m.j.s.Main [Main.java:99] Učitavanje simptoma
2020-12-14 19:15:26,403 INFO [main] m.j.s.Main [Main.java:122] Učitavanje bolesti
2020-12-14 19:15:26,407 INFO [main] m.j.s.Main [Main.java:142] Učitavanje virusa
2020-12-14 19:15:26,411 INFO [main] m.j.s.Main [Main.java:162] Učitavanje osoba
2020-12-14 19:15:26,418 INFO [main] m.j.s.Main [Main.java:207] Završen upis podataka
2020-12-14 19:17:54,882 INFO [main] m.j.s.Main [Main.java:80] Početak aplikacije
2020-12-14 19:17:54,888 INFO [main] m.j.s.Main [Main.java:82] Učitavanje županija
2020-12-14 19:17:54,892 INFO [main] m.j.s.Main [Main.java:99] Učitavanje simptoma
2020-12-14 19:17:54,895 INFO [main] m.j.s.Main [Main.java:122] Učitavanje bolesti
2020-12-14 19:17:54,896 INFO [main] m.j.s.Main [Main.java:142] Učitavanje virusa
2020-12-14 19:17:54,899 INFO [main] m.j.s.Main [Main.java:162] Učitavanje osoba
2020-12-14 19:17:54,902 INFO [main] m.j.s.Main [Main.java:207] Završen upis podataka
2020-12-14 19:18:37,594 INFO [main] m.j.s.Main [Main.java:80] Početak aplikacije
2020-12-14 19:18:37,601 INFO [main] m.j.s.Main [Main.java:82] Učitavanje županija
2020-12-14 19:18:37,604 INFO [main] m.j.s.Main [Main.java:99] Učitavanje simptoma
2020-12-14 19:18:37,606 INFO [main] m.j.s.Main [Main.java:122] Učitavanje bolesti
2020-12-14 19:18:37,608 INFO [main] m.j.s.Main [Main.java:142] Učitavanje virusa
2020-12-14 19:18:37,610 INFO [main] m.j.s.Main [Main.java:162] Učitavanje osoba
2020-12-14 19:18:37,613 INFO [main] m.j.s.Main [Main.java:207] Završen upis podataka
2020-12-14 19:19:25,267 INFO [main] m.j.s.Main [Main.java:79] Početak aplikacije
2020-12-14 19:19:25,280 INFO [main] m.j.s.Main [Main.java:81] Učitavanje županija
2020-12-14 19:19:25,286 INFO [main] m.j.s.Main [Main.java:98] Učitavanje simptoma
2020-12-14 19:19:25,289 INFO [main] m.j.s.Main [Main.java:121] Učitavanje bolesti
2020-12-14 19:19:25,292 INFO [main] m.j.s.Main [Main.java:141] Učitavanje virusa
2020-12-14 19:19:25,297 INFO [main] m.j.s.Main [Main.java:161] Učitavanje osoba
2020-12-14 19:19:25,307 INFO [main] m.j.s.Main [Main.java:206] Završen upis podataka
2020-12-14 19:20:45,776 INFO [main] m.j.s.Main [Main.java:80] Početak aplikacije
2020-12-14 19:20:45,783 INFO [main] m.j.s.Main [Main.java:82] Učitavanje županija
2020-12-14 19:20:45,786 INFO [main] m.j.s.Main [Main.java:99] Učitavanje simptoma
2020-12-14 19:20:45,790 INFO [main] m.j.s.Main [Main.java:122] Učitavanje bolesti
2020-12-14 19:20:45,792 INFO [main] m.j.s.Main [Main.java:142] Učitavanje virusa
2020-12-14 19:20:45,794 INFO [main] m.j.s.Main [Main.java:162] Učitavanje osoba
2020-12-14 19:20:45,798 INFO [main] m.j.s.Main [Main.java:207] Završen upis podataka
2020-12-14 19:23:08,935 INFO [main] m.j.s.Main [Main.java:80] Početak aplikacije
2020-12-14 19:23:08,941 INFO [main] m.j.s.Main [Main.java:82] Učitavanje županija
2020-12-14 19:23:08,944 INFO [main] m.j.s.Main [Main.java:99] Učitavanje simptoma
2020-12-14 19:23:08,948 INFO [main] m.j.s.Main [Main.java:122] Učitavanje bolesti
2020-12-14 19:23:08,951 INFO [main] m.j.s.Main [Main.java:142] Učitavanje virusa
2020-12-14 19:23:08,953 INFO [main] m.j.s.Main [Main.java:162] Učitavanje osoba
2020-12-14 19:23:08,956 INFO [main] m.j.s.Main [Main.java:207] Završen upis podataka
2020-12-14 19:24:23,662 INFO [main] m.j.s.Main [Main.java:80] Početak aplikacije
2020-12-14 19:24:23,672 INFO [main] m.j.s.Main [Main.java:82] Učitavanje županija
2020-12-14 19:24:23,676 INFO [main] m.j.s.Main [Main.java:99] Učitavanje simptoma
2020-12-14 19:24:23,680 INFO [main] m.j.s.Main [Main.java:122] Učitavanje bolesti
2020-12-14 19:24:23,681 INFO [main] m.j.s.Main [Main.java:142] Učitavanje virusa
2020-12-14 19:24:23,682 INFO [main] m.j.s.Main [Main.java:162] Učitavanje osoba
2020-12-14 19:24:23,686 INFO [main] m.j.s.Main [Main.java:207] Završen upis podataka
2020-12-14 19:24:46,785 INFO [main] m.j.s.Main [Main.java:80] Početak aplikacije
2020-12-14 19:24:46,792 INFO [main] m.j.s.Main [Main.java:82] Učitavanje županija
2020-12-14 19:24:46,796 INFO [main] m.j.s.Main [Main.java:99] Učitavanje simptoma
2020-12-14 19:24:46,799 INFO [main] m.j.s.Main [Main.java:122] Učitavanje bolesti
2020-12-14 19:24:46,802 INFO [main] m.j.s.Main [Main.java:142] Učitavanje virusa
2020-12-14 19:24:46,803 INFO [main] m.j.s.Main [Main.java:162] Učitavanje osoba
2020-12-14 19:24:46,807 INFO [main] m.j.s.Main [Main.java:207] Završen upis podataka
2020-12-14 19:25:39,746 INFO [main] m.j.s.Main [Main.java:80] Početak aplikacije
2020-12-14 19:25:39,754 INFO [main] m.j.s.Main [Main.java:82] Učitavanje županija
2020-12-14 19:25:39,758 INFO [main] m.j.s.Main [Main.java:99] Učitavanje simptoma
2020-12-14 19:25:39,761 INFO [main] m.j.s.Main [Main.java:122] Učitavanje bolesti
2020-12-14 19:25:39,763 INFO [main] m.j.s.Main [Main.java:142] Učitavanje virusa
2020-12-14 19:25:39,774 INFO [main] m.j.s.Main [Main.java:162] Učitavanje osoba
2020-12-14 19:25:39,778 INFO [main] m.j.s.Main [Main.java:207] Završen upis podataka
2020-12-14 19:29:13,979 INFO [main] m.j.s.Main [Main.java:81] Početak aplikacije
2020-12-14 19:29:13,986 INFO [main] m.j.s.Main [Main.java:83] Učitavanje županija
2020-12-14 19:29:13,991 INFO [main] m.j.s.Main [Main.java:100] Učitavanje simptoma
2020-12-14 19:29:13,995 INFO [main] m.j.s.Main [Main.java:123] Učitavanje bolesti
2020-12-14 19:29:13,998 INFO [main] m.j.s.Main [Main.java:143] Učitavanje virusa
2020-12-14 19:29:14,000 INFO [main] m.j.s.Main [Main.java:163] Učitavanje osoba
2020-12-14 19:29:14,005 INFO [main] m.j.s.Main [Main.java:208] Završen upis podataka
2020-12-14 19:29:58,580 INFO [main] m.j.s.Main [Main.java:78] Početak aplikacije
2020-12-14 19:29:58,586 INFO [main] m.j.s.Main [Main.java:80] Učitavanje županija
2020-12-14 19:29:58,591 INFO [main] m.j.s.Main [Main.java:97] Učitavanje simptoma
2020-12-14 19:29:58,594 INFO [main] m.j.s.Main [Main.java:120] Učitavanje bolesti
2020-12-14 19:29:58,596 INFO [main] m.j.s.Main [Main.java:140] Učitavanje virusa
2020-12-14 19:29:58,599 INFO [main] m.j.s.Main [Main.java:160] Učitavanje osoba
2020-12-14 19:29:58,602 INFO [main] m.j.s.Main [Main.java:205] Završen upis podataka
2020-12-14 19:37:38,941 INFO [main] m.j.s.Main [Main.java:74] Početak aplikacije
2020-12-14 19:37:38,945 INFO [main] m.j.s.Main [Main.java:76] Učitavanje županija
2020-12-14 19:37:38,947 INFO [main] m.j.s.Main [Main.java:93] Učitavanje simptoma
2020-12-14 19:37:38,949 INFO [main] m.j.s.Main [Main.java:116] Učitavanje bolesti
2020-12-14 19:37:38,951 INFO [main] m.j.s.Main [Main.java:136] Učitavanje virusa
2020-12-14 19:37:38,953 INFO [main] m.j.s.Main [Main.java:156] Učitavanje osoba
2020-12-14 19:37:38,957 INFO [main] m.j.s.Main [Main.java:201] Završen upis podataka
2020-12-14 19:47:25,266 INFO [main] m.j.s.Main [Main.java:79] Početak aplikacije
2020-12-14 19:47:25,272 INFO [main] m.j.s.Main [Main.java:81] Učitavanje županija
2020-12-14 19:47:25,275 INFO [main] m.j.s.Main [Main.java:98] Učitavanje simptoma
2020-12-14 19:47:25,278 INFO [main] m.j.s.Main [Main.java:121] Učitavanje bolesti
2020-12-14 19:47:25,281 INFO [main] m.j.s.Main [Main.java:141] Učitavanje virusa
2020-12-14 19:47:25,282 INFO [main] m.j.s.Main [Main.java:161] Učitavanje osoba
2020-12-14 19:47:25,285 INFO [main] m.j.s.Main [Main.java:206] Završen upis podataka
2020-12-14 20:03:14,474 INFO [main] m.j.s.Main [Main.java:79] Početak aplikacije
2020-12-14 20:03:14,481 INFO [main] m.j.s.Main [Main.java:81] Učitavanje županija
2020-12-14 20:03:14,485 INFO [main] m.j.s.Main [Main.java:98] Učitavanje simptoma
2020-12-14 20:03:14,487 INFO [main] m.j.s.Main [Main.java:121] Učitavanje bolesti
2020-12-14 20:03:14,489 INFO [main] m.j.s.Main [Main.java:141] Učitavanje virusa
2020-12-14 20:03:14,492 INFO [main] m.j.s.Main [Main.java:161] Učitavanje osoba
2020-12-14 20:03:14,495 INFO [main] m.j.s.Main [Main.java:206] Završen upis podataka
2020-12-14 20:05:52,423 INFO [main] m.j.s.Main [Main.java:79] Početak aplikacije
2020-12-14 20:05:52,429 INFO [main] m.j.s.Main [Main.java:81] Učitavanje županija
2020-12-14 20:05:52,432 INFO [main] m.j.s.Main [Main.java:98] Učitavanje simptoma
2020-12-14 20:05:52,434 INFO [main] m.j.s.Main [Main.java:121] Učitavanje bolesti
2020-12-14 20:05:52,436 INFO [main] m.j.s.Main [Main.java:141] Učitavanje virusa
2020-12-14 20:05:52,438 INFO [main] m.j.s.Main [Main.java:161] Učitavanje osoba
2020-12-14 20:05:52,440 INFO [main] m.j.s.Main [Main.java:206] Završen upis podataka
2020-12-14 20:09:37,745 INFO [main] m.j.s.Main [Main.java:66] Početak aplikacije
2020-12-14 20:09:37,750 INFO [main] m.j.s.Main [Main.java:68] Učitavanje županija
2020-12-14 20:09:37,753 INFO [main] m.j.s.Main [Main.java:85] Učitavanje simptoma
2020-12-14 20:09:37,755 INFO [main] m.j.s.Main [Main.java:108] Učitavanje bolesti
2020-12-14 20:09:37,757 INFO [main] m.j.s.Main [Main.java:128] Učitavanje virusa
2020-12-14 20:09:37,758 INFO [main] m.j.s.Main [Main.java:148] Učitavanje osoba
2020-12-14 20:09:37,761 INFO [main] m.j.s.Main [Main.java:193] Završen upis podataka
2020-12-14 20:10:00,561 INFO [main] m.j.s.Main [Main.java:66] Početak aplikacije
2020-12-14 20:10:00,566 INFO [main] m.j.s.Main [Main.java:68] Učitavanje županija
2020-12-14 20:10:00,569 INFO [main] m.j.s.Main [Main.java:85] Učitavanje simptoma
2020-12-14 20:10:00,571 INFO [main] m.j.s.Main [Main.java:108] Učitavanje bolesti
2020-12-14 20:10:00,572 INFO [main] m.j.s.Main [Main.java:128] Učitavanje virusa
2020-12-14 20:10:00,574 INFO [main] m.j.s.Main [Main.java:148] Učitavanje osoba
2020-12-14 20:10:00,577 INFO [main] m.j.s.Main [Main.java:193] Završen upis podataka
2020-12-14 20:12:13,290 INFO [main] m.j.s.Main [Main.java:70] Početak aplikacije
2020-12-14 20:12:13,297 INFO [main] m.j.s.Main [Main.java:72] Učitavanje županija
2020-12-14 20:12:13,300 INFO [main] m.j.s.Main [Main.java:89] Učitavanje simptoma
2020-12-14 20:12:13,302 INFO [main] m.j.s.Main [Main.java:112] Učitavanje bolesti
2020-12-14 20:12:13,304 INFO [main] m.j.s.Main [Main.java:132] Učitavanje virusa
2020-12-14 20:12:13,306 INFO [main] m.j.s.Main [Main.java:152] Učitavanje osoba
2020-12-14 20:12:13,309 INFO [main] m.j.s.Main [Main.java:197] Završen upis podataka
2020-12-14 20:15:08,684 INFO [main] m.j.s.Main [Main.java:70] Početak aplikacije
2020-12-14 20:15:08,689 INFO [main] m.j.s.Main [Main.java:72] Učitavanje županija
2020-12-14 20:15:08,692 INFO [main] m.j.s.Main [Main.java:89] Učitavanje simptoma
2020-12-14 20:15:08,694 INFO [main] m.j.s.Main [Main.java:112] Učitavanje bolesti
2020-12-14 20:15:08,696 INFO [main] m.j.s.Main [Main.java:132] Učitavanje virusa
2020-12-14 20:15:08,700 INFO [main] m.j.s.Main [Main.java:152] Učitavanje osoba
2020-12-14 20:15:08,702 INFO [main] m.j.s.Main [Main.java:197] Završen upis podataka
2020-12-14 20:23:49,440 INFO [main] m.j.s.Main [Main.java:70] Početak aplikacije
2020-12-14 20:23:49,448 INFO [main] m.j.s.Main [Main.java:72] Učitavanje županija
2020-12-14 20:23:49,451 INFO [main] m.j.s.Main [Main.java:89] Učitavanje simptoma
2020-12-14 20:23:49,453 INFO [main] m.j.s.Main [Main.java:112] Učitavanje bolesti
2020-12-14 20:23:49,455 INFO [main] m.j.s.Main [Main.java:132] Učitavanje virusa
2020-12-14 20:23:49,456 INFO [main] m.j.s.Main [Main.java:152] Učitavanje osoba
2020-12-14 20:23:49,461 INFO [main] m.j.s.Main [Main.java:197] Završen upis podataka
2020-12-14 20:31:42,449 INFO [main] m.j.s.Main [Main.java:73] Početak aplikacije
2020-12-14 20:31:42,455 INFO [main] m.j.s.Main [Main.java:75] Učitavanje županija
2020-12-14 20:31:42,458 INFO [main] m.j.s.Main [Main.java:92] Učitavanje simptoma
2020-12-14 20:31:42,460 INFO [main] m.j.s.Main [Main.java:115] Učitavanje bolesti
2020-12-14 20:31:42,462 INFO [main] m.j.s.Main [Main.java:135] Učitavanje virusa
2020-12-14 20:31:42,464 INFO [main] m.j.s.Main [Main.java:155] Učitavanje osoba
2020-12-14 20:31:42,467 INFO [main] m.j.s.Main [Main.java:200] Završen upis podataka
2020-12-14 20:33:33,485 INFO [main] m.j.s.Main [Main.java:72] Početak aplikacije
2020-12-14 20:33:33,490 INFO [main] m.j.s.Main [Main.java:74] Učitavanje županija
2020-12-14 20:33:33,492 INFO [main] m.j.s.Main [Main.java:91] Učitavanje simptoma
2020-12-14 20:33:33,494 INFO [main] m.j.s.Main [Main.java:114] Učitavanje bolesti
2020-12-14 20:33:33,496 INFO [main] m.j.s.Main [Main.java:134] Učitavanje virusa
2020-12-14 20:33:33,498 INFO [main] m.j.s.Main [Main.java:154] Učitavanje osoba
2020-12-14 20:33:33,501 INFO [main] m.j.s.Main [Main.java:199] Završen upis podataka
2020-12-14 20:33:46,300 INFO [main] m.j.s.Main [Main.java:72] Početak aplikacije
2020-12-14 20:33:46,308 INFO [main] m.j.s.Main [Main.java:74] Učitavanje županija
2020-12-14 20:33:46,311 INFO [main] m.j.s.Main [Main.java:91] Učitavanje simptoma
2020-12-14 20:33:46,313 INFO [main] m.j.s.Main [Main.java:114] Učitavanje bolesti
2020-12-14 20:33:46,316 INFO [main] m.j.s.Main [Main.java:134] Učitavanje virusa
2020-12-14 20:33:46,318 INFO [main] m.j.s.Main [Main.java:154] Učitavanje osoba
2020-12-14 20:33:46,321 INFO [main] m.j.s.Main [Main.java:199] Završen upis podataka
2020-12-14 20:37:15,102 INFO [main] m.j.s.Main [Main.java:72] Početak aplikacije
2020-12-14 20:37:15,108 INFO [main] m.j.s.Main [Main.java:74] Učitavanje županija
2020-12-14 20:37:15,111 INFO [main] m.j.s.Main [Main.java:91] Učitavanje simptoma
2020-12-14 20:37:15,113 INFO [main] m.j.s.Main [Main.java:114] Učitavanje bolesti
2020-12-14 20:37:15,114 INFO [main] m.j.s.Main [Main.java:134] Učitavanje virusa
2020-12-14 20:37:15,117 INFO [main] m.j.s.Main [Main.java:154] Učitavanje osoba
2020-12-14 20:37:15,119 INFO [main] m.j.s.Main [Main.java:199] Završen upis podataka
2020-12-14 20:37:33,823 INFO [main] m.j.s.Main [Main.java:72] Početak aplikacije
2020-12-14 20:37:33,829 INFO [main] m.j.s.Main [Main.java:74] Učitavanje županija
2020-12-14 20:37:33,831 INFO [main] m.j.s.Main [Main.java:91] Učitavanje simptoma
2020-12-14 20:37:33,833 INFO [main] m.j.s.Main [Main.java:114] Učitavanje bolesti
2020-12-14 20:37:33,835 INFO [main] m.j.s.Main [Main.java:134] Učitavanje virusa
2020-12-14 20:37:33,836 INFO [main] m.j.s.Main [Main.java:154] Učitavanje osoba
2020-12-14 20:37:33,839 INFO [main] m.j.s.Main [Main.java:199] Završen upis podataka
2020-12-14 20:38:58,581 INFO [main] m.j.s.Main [Main.java:72] Početak aplikacije
2020-12-14 20:38:58,586 INFO [main] m.j.s.Main [Main.java:74] Učitavanje županija
2020-12-14 20:38:58,589 INFO [main] m.j.s.Main [Main.java:91] Učitavanje simptoma
2020-12-14 20:38:58,591 INFO [main] m.j.s.Main [Main.java:114] Učitavanje bolesti
2020-12-14 20:38:58,592 INFO [main] m.j.s.Main [Main.java:134] Učitavanje virusa
2020-12-14 20:38:58,595 INFO [main] m.j.s.Main [Main.java:154] Učitavanje osoba
2020-12-14 20:38:58,598 INFO [main] m.j.s.Main [Main.java:199] Završen upis podataka
2020-12-14 20:39:20,805 INFO [main] m.j.s.Main [Main.java:72] Početak aplikacije
2020-12-14 20:39:20,814 INFO [main] m.j.s.Main [Main.java:74] Učitavanje županija
2020-12-14 20:39:20,817 INFO [main] m.j.s.Main [Main.java:91] Učitavanje simptoma
2020-12-14 20:39:20,819 INFO [main] m.j.s.Main [Main.java:114] Učitavanje bolesti
2020-12-14 20:39:20,821 INFO [main] m.j.s.Main [Main.java:134] Učitavanje virusa
2020-12-14 20:39:20,824 INFO [main] m.j.s.Main [Main.java:154] Učitavanje osoba
2020-12-14 20:39:20,828 INFO [main] m.j.s.Main [Main.java:199] Završen upis podataka
2020-12-14 20:45:39,572 INFO [main] m.j.s.Main [Main.java:72] Početak aplikacije
2020-12-14 20:45:39,579 INFO [main] m.j.s.Main [Main.java:74] Učitavanje županija
2020-12-14 20:45:39,581 INFO [main] m.j.s.Main [Main.java:91] Učitavanje simptoma
2020-12-14 20:45:39,584 INFO [main] m.j.s.Main [Main.java:114] Učitavanje bolesti
2020-12-14 20:45:39,586 INFO [main] m.j.s.Main [Main.java:134] Učitavanje virusa
2020-12-14 20:45:39,589 INFO [main] m.j.s.Main [Main.java:154] Učitavanje osoba
2020-12-14 20:45:39,592 INFO [main] m.j.s.Main [Main.java:199] Završen upis podataka
2020-12-14 20:48:06,915 INFO [main] m.j.s.Main [Main.java:72] Početak aplikacije
2020-12-14 20:48:06,920 INFO [main] m.j.s.Main [Main.java:74] Učitavanje županija
2020-12-14 20:48:06,923 INFO [main] m.j.s.Main [Main.java:91] Učitavanje simptoma
2020-12-14 20:48:06,925 INFO [main] m.j.s.Main [Main.java:114] Učitavanje bolesti
2020-12-14 20:48:06,927 INFO [main] m.j.s.Main [Main.java:134] Učitavanje virusa
2020-12-14 20:48:06,929 INFO [main] m.j.s.Main [Main.java:154] Učitavanje osoba
2020-12-14 20:48:06,932 INFO [main] m.j.s.Main [Main.java:199] Završen upis podataka
2020-12-14 20:48:44,196 INFO [main] m.j.s.Main [Main.java:72] Početak aplikacije
2020-12-14 20:48:44,201 INFO [main] m.j.s.Main [Main.java:74] Učitavanje županija
2020-12-14 20:48:44,203 INFO [main] m.j.s.Main [Main.java:91] Učitavanje simptoma
2020-12-14 20:48:44,205 INFO [main] m.j.s.Main [Main.java:114] Učitavanje bolesti
2020-12-14 20:48:44,206 INFO [main] m.j.s.Main [Main.java:134] Učitavanje virusa
2020-12-14 20:48:44,208 INFO [main] m.j.s.Main [Main.java:154] Učitavanje osoba
2020-12-14 20:48:44,211 INFO [main] m.j.s.Main [Main.java:199] Završen upis podataka
2020-12-14 20:58:47,328 INFO [main] m.j.s.Main [Main.java:72] Početak aplikacije
2020-12-14 20:58:47,334 INFO [main] m.j.s.Main [Main.java:74] Učitavanje županija
2020-12-14 20:58:47,336 INFO [main] m.j.s.Main [Main.java:91] Učitavanje simptoma
2020-12-14 20:58:47,338 INFO [main] m.j.s.Main [Main.java:114] Učitavanje bolesti
2020-12-14 20:58:47,340 INFO [main] m.j.s.Main [Main.java:134] Učitavanje virusa
2020-12-14 20:58:47,342 INFO [main] m.j.s.Main [Main.java:154] Učitavanje osoba
2020-12-14 20:58:47,345 INFO [main] m.j.s.Main [Main.java:199] Završen upis podataka
2020-12-14 21:04:15,246 INFO [main] m.j.s.Main [Main.java:72] Početak aplikacije
2020-12-14 21:04:15,251 INFO [main] m.j.s.Main [Main.java:74] Učitavanje županija
2020-12-14 21:04:15,254 INFO [main] m.j.s.Main [Main.java:91] Učitavanje simptoma
2020-12-14 21:04:15,256 INFO [main] m.j.s.Main [Main.java:114] Učitavanje bolesti
2020-12-14 21:04:15,258 INFO [main] m.j.s.Main [Main.java:134] Učitavanje virusa
2020-12-14 21:04:15,260 INFO [main] m.j.s.Main [Main.java:154] Učitavanje osoba
2020-12-14 21:04:15,263 INFO [main] m.j.s.Main [Main.java:199] Završen upis podataka
2020-12-14 21:07:01,897 INFO [main] m.j.s.Main [Main.java:72] Početak aplikacije
2020-12-14 21:07:01,902 INFO [main] m.j.s.Main [Main.java:74] Učitavanje županija
2020-12-14 21:07:01,905 INFO [main] m.j.s.Main [Main.java:91] Učitavanje simptoma
2020-12-14 21:07:01,907 INFO [main] m.j.s.Main [Main.java:114] Učitavanje bolesti
2020-12-14 21:07:01,908 INFO [main] m.j.s.Main [Main.java:134] Učitavanje virusa
2020-12-14 21:07:01,910 INFO [main] m.j.s.Main [Main.java:154] Učitavanje osoba
2020-12-14 21:07:01,913 INFO [main] m.j.s.Main [Main.java:199] Završen upis podataka
2020-12-14 21:07:32,664 INFO [main] m.j.s.Main [Main.java:72] Početak aplikacije
2020-12-14 21:07:32,670 INFO [main] m.j.s.Main [Main.java:74] Učitavanje županija
2020-12-14 21:07:32,672 INFO [main] m.j.s.Main [Main.java:91] Učitavanje simptoma
2020-12-14 21:07:32,674 INFO [main] m.j.s.Main [Main.java:114] Učitavanje bolesti
2020-12-14 21:07:32,675 INFO [main] m.j.s.Main [Main.java:134] Učitavanje virusa
2020-12-14 21:07:32,677 INFO [main] m.j.s.Main [Main.java:154] Učitavanje osoba
2020-12-14 21:07:32,679 INFO [main] m.j.s.Main [Main.java:199] Završen upis podataka
2020-12-14 21:08:21,235 INFO [main] m.j.s.Main [Main.java:72] Početak aplikacije
2020-12-14 21:08:21,241 INFO [main] m.j.s.Main [Main.java:74] Učitavanje županija
2020-12-14 21:08:21,244 INFO [main] m.j.s.Main [Main.java:91] Učitavanje simptoma
2020-12-14 21:08:21,246 INFO [main] m.j.s.Main [Main.java:114] Učitavanje bolesti
2020-12-14 21:08:21,250 INFO [main] m.j.s.Main [Main.java:134] Učitavanje virusa
2020-12-14 21:08:21,253 INFO [main] m.j.s.Main [Main.java:154] Učitavanje osoba
2020-12-14 21:08:21,256 INFO [main] m.j.s.Main [Main.java:199] Završen upis podataka
2020-12-14 21:10:43,070 INFO [main] m.j.s.Main [Main.java:72] Početak aplikacije
2020-12-14 21:10:43,077 INFO [main] m.j.s.Main [Main.java:74] Učitavanje županija
2020-12-14 21:10:43,080 INFO [main] m.j.s.Main [Main.java:91] Učitavanje simptoma
2020-12-14 21:10:43,082 INFO [main] m.j.s.Main [Main.java:114] Učitavanje bolesti
2020-12-14 21:10:43,084 INFO [main] m.j.s.Main [Main.java:134] Učitavanje virusa
2020-12-14 21:10:43,086 INFO [main] m.j.s.Main [Main.java:154] Učitavanje osoba
2020-12-14 21:10:43,089 INFO [main] m.j.s.Main [Main.java:199] Završen upis podataka
2020-12-14 21:20:21,074 INFO [main] m.j.s.Main [Main.java:72] Početak aplikacije
2020-12-14 21:20:21,081 INFO [main] m.j.s.Main [Main.java:74] Učitavanje županija
2020-12-14 21:20:21,083 INFO [main] m.j.s.Main [Main.java:91] Učitavanje simptoma
2020-12-14 21:20:21,086 INFO [main] m.j.s.Main [Main.java:114] Učitavanje bolesti
2020-12-14 21:20:21,088 INFO [main] m.j.s.Main [Main.java:134] Učitavanje virusa
2020-12-14 21:20:21,090 INFO [main] m.j.s.Main [Main.java:154] Učitavanje osoba
2020-12-14 21:20:21,093 INFO [main] m.j.s.Main [Main.java:199] Završen upis podataka
2020-12-14 21:21:20,004 INFO [main] m.j.s.Main [Main.java:72] Početak aplikacije
2020-12-14 21:21:20,009 INFO [main] m.j.s.Main [Main.java:74] Učitavanje županija
2020-12-14 21:21:20,012 INFO [main] m.j.s.Main [Main.java:91] Učitavanje simptoma
2020-12-14 21:21:20,015 INFO [main] m.j.s.Main [Main.java:114] Učitavanje bolesti
2020-12-14 21:21:20,017 INFO [main] m.j.s.Main [Main.java:134] Učitavanje virusa
2020-12-14 21:21:20,019 INFO [main] m.j.s.Main [Main.java:154] Učitavanje osoba
2020-12-14 21:21:20,021 INFO [main] m.j.s.Main [Main.java:199] Završen upis podataka
2020-12-14 21:21:48,220 INFO [main] m.j.s.Main [Main.java:72] Početak aplikacije
2020-12-14 21:21:48,226 INFO [main] m.j.s.Main [Main.java:74] Učitavanje županija
2020-12-14 21:21:48,228 INFO [main] m.j.s.Main [Main.java:91] Učitavanje simptoma
2020-12-14 21:21:48,231 INFO [main] m.j.s.Main [Main.java:114] Učitavanje bolesti
2020-12-14 21:21:48,233 INFO [main] m.j.s.Main [Main.java:134] Učitavanje virusa
2020-12-14 21:21:48,235 INFO [main] m.j.s.Main [Main.java:154] Učitavanje osoba
2020-12-14 21:21:48,237 INFO [main] m.j.s.Main [Main.java:199] Završen upis podataka
2020-12-14 21:23:56,976 INFO [main] m.j.s.Main [Main.java:72] Početak aplikacije
2020-12-14 21:23:56,981 INFO [main] m.j.s.Main [Main.java:74] Učitavanje županija
2020-12-14 21:23:56,984 INFO [main] m.j.s.Main [Main.java:91] Učitavanje simptoma
2020-12-14 21:23:56,987 INFO [main] m.j.s.Main [Main.java:114] Učitavanje bolesti
2020-12-14 21:23:56,989 INFO [main] m.j.s.Main [Main.java:134] Učitavanje virusa
2020-12-14 21:23:56,990 INFO [main] m.j.s.Main [Main.java:154] Učitavanje osoba
2020-12-14 21:23:56,993 INFO [main] m.j.s.Main [Main.java:199] Završen upis podataka
2020-12-14 21:27:15,662 INFO [main] m.j.s.Main [Main.java:72] Početak aplikacije
2020-12-14 21:27:15,668 INFO [main] m.j.s.Main [Main.java:74] Učitavanje županija
2020-12-14 21:27:15,670 INFO [main] m.j.s.Main [Main.java:91] Učitavanje simptoma
2020-12-14 21:27:15,671 INFO [main] m.j.s.Main [Main.java:114] Učitavanje bolesti
2020-12-14 21:27:15,673 INFO [main] m.j.s.Main [Main.java:134] Učitavanje virusa
2020-12-14 21:27:15,675 INFO [main] m.j.s.Main [Main.java:154] Učitavanje osoba
2020-12-14 21:27:15,678 INFO [main] m.j.s.Main [Main.java:199] Završen upis podataka
2020-12-14 21:39:07,965 INFO [main] m.j.s.Main [Main.java:72] Početak aplikacije
2020-12-14 21:39:07,970 INFO [main] m.j.s.Main [Main.java:74] Učitavanje županija
2020-12-14 21:39:07,972 INFO [main] m.j.s.Main [Main.java:91] Učitavanje simptoma
2020-12-14 21:39:07,974 INFO [main] m.j.s.Main [Main.java:114] Učitavanje bolesti
2020-12-14 21:39:07,976 INFO [main] m.j.s.Main [Main.java:134] Učitavanje virusa
2020-12-14 21:39:07,977 INFO [main] m.j.s.Main [Main.java:154] Učitavanje osoba
2020-12-14 21:39:07,980 INFO [main] m.j.s.Main [Main.java:199] Završen upis podataka
2020-12-14 21:49:55,622 INFO [main] m.j.s.Main [Main.java:72] Početak aplikacije
2020-12-14 21:49:55,628 INFO [main] m.j.s.Main [Main.java:74] Učitavanje županija
2020-12-14 21:49:55,632 INFO [main] m.j.s.Main [Main.java:91] Učitavanje simptoma
2020-12-14 21:49:55,634 INFO [main] m.j.s.Main [Main.java:114] Učitavanje bolesti
2020-12-14 21:49:55,636 INFO [main] m.j.s.Main [Main.java:134] Učitavanje virusa
2020-12-14 21:49:55,638 INFO [main] m.j.s.Main [Main.java:154] Učitavanje osoba
2020-12-14 21:49:55,641 INFO [main] m.j.s.Main [Main.java:199] Završen upis podataka
2020-12-14 21:52:34,088 INFO [main] m.j.s.Main [Main.java:72] Početak aplikacije
2020-12-14 21:52:34,093 INFO [main] m.j.s.Main [Main.java:74] Učitavanje županija
2020-12-14 21:52:34,096 INFO [main] m.j.s.Main [Main.java:91] Učitavanje simptoma
2020-12-14 21:52:34,099 INFO [main] m.j.s.Main [Main.java:114] Učitavanje bolesti
2020-12-14 21:52:34,100 INFO [main] m.j.s.Main [Main.java:134] Učitavanje virusa
2020-12-14 21:52:34,102 INFO [main] m.j.s.Main [Main.java:154] Učitavanje osoba
2020-12-14 21:52:34,106 INFO [main] m.j.s.Main [Main.java:199] Završen upis podataka
2020-12-14 21:54:19,202 INFO [main] m.j.s.Main [Main.java:72] Početak aplikacije
2020-12-14 21:54:19,208 INFO [main] m.j.s.Main [Main.java:74] Učitavanje županija
2020-12-14 21:54:19,211 INFO [main] m.j.s.Main [Main.java:91] Učitavanje simptoma
2020-12-14 21:54:19,213 INFO [main] m.j.s.Main [Main.java:114] Učitavanje bolesti
2020-12-14 21:54:19,215 INFO [main] m.j.s.Main [Main.java:134] Učitavanje virusa
2020-12-14 21:54:19,217 INFO [main] m.j.s.Main [Main.java:154] Učitavanje osoba
2020-12-14 21:54:19,222 INFO [main] m.j.s.Main [Main.java:199] Završen upis podataka
2020-12-14 21:58:20,410 INFO [main] m.j.s.Main [Main.java:72] Početak aplikacije
2020-12-14 21:58:20,416 INFO [main] m.j.s.Main [Main.java:74] Učitavanje županija
2020-12-14 21:58:20,419 INFO [main] m.j.s.Main [Main.java:91] Učitavanje simptoma
2020-12-14 21:58:20,422 INFO [main] m.j.s.Main [Main.java:114] Učitavanje bolesti
2020-12-14 21:58:20,425 INFO [main] m.j.s.Main [Main.java:134] Učitavanje virusa
2020-12-14 21:58:20,428 INFO [main] m.j.s.Main [Main.java:154] Učitavanje osoba
2020-12-14 21:58:20,430 INFO [main] m.j.s.Main [Main.java:199] Završen upis podataka
2020-12-14 22:51:55,394 INFO [main] m.j.s.Main [Main.java:72] Početak aplikacije
2020-12-14 22:51:55,399 INFO [main] m.j.s.Main [Main.java:74] Učitavanje županija
2020-12-14 22:51:55,402 INFO [main] m.j.s.Main [Main.java:91] Učitavanje simptoma
2020-12-14 22:51:55,406 INFO [main] m.j.s.Main [Main.java:114] Učitavanje bolesti
2020-12-14 22:51:55,408 INFO [main] m.j.s.Main [Main.java:134] Učitavanje virusa
2020-12-14 22:51:55,410 INFO [main] m.j.s.Main [Main.java:154] Učitavanje osoba
2020-12-14 22:51:55,413 INFO [main] m.j.s.Main [Main.java:199] Završen upis podataka
2020-12-14 22:52:47,776 INFO [main] m.j.s.Main [Main.java:72] Početak aplikacije
2020-12-14 22:52:47,782 INFO [main] m.j.s.Main [Main.java:74] Učitavanje županija
2020-12-14 22:52:47,785 INFO [main] m.j.s.Main [Main.java:91] Učitavanje simptoma
2020-12-14 22:52:47,788 INFO [main] m.j.s.Main [Main.java:114] Učitavanje bolesti
2020-12-14 22:52:47,789 INFO [main] m.j.s.Main [Main.java:134] Učitavanje virusa
2020-12-14 22:52:47,791 INFO [main] m.j.s.Main [Main.java:154] Učitavanje osoba
2020-12-14 22:52:47,795 INFO [main] m.j.s.Main [Main.java:199] Završen upis podataka
2020-12-14 22:57:17,251 INFO [main] m.j.s.Main [Main.java:72] Početak aplikacije
2020-12-14 22:57:17,257 INFO [main] m.j.s.Main [Main.java:74] Učitavanje županija
2020-12-14 22:57:17,259 INFO [main] m.j.s.Main [Main.java:91] Učitavanje simptoma
2020-12-14 22:57:17,261 INFO [main] m.j.s.Main [Main.java:114] Učitavanje bolesti
2020-12-14 22:57:17,263 INFO [main] m.j.s.Main [Main.java:134] Učitavanje virusa
2020-12-14 22:57:17,265 INFO [main] m.j.s.Main [Main.java:154] Učitavanje osoba
2020-12-14 22:57:17,267 INFO [main] m.j.s.Main [Main.java:199] Završen upis podataka
2020-12-14 23:02:16,152 INFO [main] m.j.s.Main [Main.java:72] Početak aplikacije
2020-12-14 23:02:16,164 INFO [main] m.j.s.Main [Main.java:74] Učitavanje županija
2020-12-14 23:02:16,167 INFO [main] m.j.s.Main [Main.java:91] Učitavanje simptoma
2020-12-14 23:02:16,170 INFO [main] m.j.s.Main [Main.java:114] Učitavanje bolesti
2020-12-14 23:02:16,172 INFO [main] m.j.s.Main [Main.java:134] Učitavanje virusa
2020-12-14 23:02:16,174 INFO [main] m.j.s.Main [Main.java:154] Učitavanje osoba
2020-12-14 23:02:16,177 INFO [main] m.j.s.Main [Main.java:199] Završen upis podataka
2020-12-14 23:03:05,239 INFO [main] m.j.s.Main [Main.java:72] Početak aplikacije
2020-12-14 23:03:05,248 INFO [main] m.j.s.Main [Main.java:74] Učitavanje županija
2020-12-14 23:03:05,254 INFO [main] m.j.s.Main [Main.java:91] Učitavanje simptoma
2020-12-14 23:03:05,256 INFO [main] m.j.s.Main [Main.java:114] Učitavanje bolesti
2020-12-14 23:03:05,259 INFO [main] m.j.s.Main [Main.java:134] Učitavanje virusa
2020-12-14 23:03:05,263 INFO [main] m.j.s.Main [Main.java:154] Učitavanje osoba
2020-12-14 23:03:05,267 INFO [main] m.j.s.Main [Main.java:199] Završen upis podataka
2020-12-14 23:10:02,137 INFO [main] m.j.s.Main [Main.java:72] Početak aplikacije
2020-12-14 23:10:02,144 INFO [main] m.j.s.Main [Main.java:74] Učitavanje županija
2020-12-14 23:10:02,147 INFO [main] m.j.s.Main [Main.java:91] Učitavanje simptoma
2020-12-14 23:10:02,149 INFO [main] m.j.s.Main [Main.java:114] Učitavanje bolesti
2020-12-14 23:10:02,151 INFO [main] m.j.s.Main [Main.java:134] Učitavanje virusa
2020-12-14 23:10:02,153 INFO [main] m.j.s.Main [Main.java:154] Učitavanje osoba
2020-12-14 23:10:02,156 INFO [main] m.j.s.Main [Main.java:199] Završen upis podataka
2020-12-15 20:55:25,405 INFO [main] m.j.s.Main [Main.java:72] Početak aplikacije
2020-12-15 20:55:25,410 INFO [main] m.j.s.Main [Main.java:74] Učitavanje županija
2020-12-15 20:55:25,413 INFO [main] m.j.s.Main [Main.java:91] Učitavanje simptoma
2020-12-15 20:55:25,416 INFO [main] m.j.s.Main [Main.java:114] Učitavanje bolesti
2020-12-15 20:55:25,418 INFO [main] m.j.s.Main [Main.java:134] Učitavanje virusa
2020-12-15 20:55:25,421 INFO [main] m.j.s.Main [Main.java:154] Učitavanje osoba
2020-12-15 20:55:25,424 INFO [main] m.j.s.Main [Main.java:199] Završen upis podataka
2020-12-15 21:13:21,080 INFO [main] m.j.s.Main [Main.java:72] Početak aplikacije
2020-12-15 21:13:21,085 INFO [main] m.j.s.Main [Main.java:74] Učitavanje županija
2020-12-15 21:13:21,088 INFO [main] m.j.s.Main [Main.java:91] Učitavanje simptoma
2020-12-15 21:13:21,090 INFO [main] m.j.s.Main [Main.java:114] Učitavanje bolesti
2020-12-15 21:13:21,092 INFO [main] m.j.s.Main [Main.java:134] Učitavanje virusa
2020-12-15 21:13:21,093 INFO [main] m.j.s.Main [Main.java:154] Učitavanje osoba
2020-12-15 21:13:21,096 INFO [main] m.j.s.Main [Main.java:199] Završen upis podataka
2020-12-15 21:14:18,030 INFO [main] m.j.s.Main [Main.java:72] Početak aplikacije
2020-12-15 21:14:18,035 INFO [main] m.j.s.Main [Main.java:74] Učitavanje županija
2020-12-15 21:14:18,038 INFO [main] m.j.s.Main [Main.java:91] Učitavanje simptoma
2020-12-15 21:14:18,040 INFO [main] m.j.s.Main [Main.java:114] Učitavanje bolesti
2020-12-15 21:14:18,041 INFO [main] m.j.s.Main [Main.java:134] Učitavanje virusa
2020-12-15 21:14:18,044 INFO [main] m.j.s.Main [Main.java:154] Učitavanje osoba
2020-12-15 21:14:18,048 INFO [main] m.j.s.Main [Main.java:199] Završen upis podataka
2020-12-15 21:15:50,740 INFO [main] m.j.s.Main [Main.java:72] Početak aplikacije
2020-12-15 21:15:50,745 INFO [main] m.j.s.Main [Main.java:74] Učitavanje županija
2020-12-15 21:15:50,748 INFO [main] m.j.s.Main [Main.java:91] Učitavanje simptoma
2020-12-15 21:15:50,750 INFO [main] m.j.s.Main [Main.java:114] Učitavanje bolesti
2020-12-15 21:15:50,752 INFO [main] m.j.s.Main [Main.java:134] Učitavanje virusa
2020-12-15 21:15:50,754 INFO [main] m.j.s.Main [Main.java:154] Učitavanje osoba
2020-12-15 21:15:50,756 INFO [main] m.j.s.Main [Main.java:199] Završen upis podataka
2020-12-15 21:17:16,056 INFO [main] m.j.s.Main [Main.java:72] Početak aplikacije
2020-12-15 21:17:16,061 INFO [main] m.j.s.Main [Main.java:74] Učitavanje županija
2020-12-15 21:17:16,064 INFO [main] m.j.s.Main [Main.java:91] Učitavanje simptoma
2020-12-15 21:17:16,066 INFO [main] m.j.s.Main [Main.java:114] Učitavanje bolesti
2020-12-15 21:17:16,068 INFO [main] m.j.s.Main [Main.java:134] Učitavanje virusa
2020-12-15 21:17:16,070 INFO [main] m.j.s.Main [Main.java:154] Učitavanje osoba
2020-12-15 21:17:16,072 INFO [main] m.j.s.Main [Main.java:199] Završen upis podataka
2020-12-15 21:18:31,927 INFO [main] m.j.s.Main [Main.java:72] Početak aplikacije
2020-12-15 21:18:31,933 INFO [main] m.j.s.Main [Main.java:74] Učitavanje županija
2020-12-15 21:18:31,935 INFO [main] m.j.s.Main [Main.java:91] Učitavanje simptoma
2020-12-15 21:18:31,938 INFO [main] m.j.s.Main [Main.java:114] Učitavanje bolesti
2020-12-15 21:18:31,940 INFO [main] m.j.s.Main [Main.java:134] Učitavanje virusa
2020-12-15 21:18:31,941 INFO [main] m.j.s.Main [Main.java:154] Učitavanje osoba
2020-12-15 21:18:31,944 INFO [main] m.j.s.Main [Main.java:199] Završen upis podataka
2020-12-15 21:19:07,170 INFO [main] m.j.s.Main [Main.java:72] Početak aplikacije
2020-12-15 21:19:07,175 INFO [main] m.j.s.Main [Main.java:74] Učitavanje županija
2020-12-15 21:19:07,178 INFO [main] m.j.s.Main [Main.java:91] Učitavanje simptoma
2020-12-15 21:19:07,180 INFO [main] m.j.s.Main [Main.java:114] Učitavanje bolesti
2020-12-15 21:19:07,181 INFO [main] m.j.s.Main [Main.java:134] Učitavanje virusa
2020-12-15 21:19:07,183 INFO [main] m.j.s.Main [Main.java:154] Učitavanje osoba
2020-12-15 21:19:07,186 INFO [main] m.j.s.Main [Main.java:199] Završen upis podataka
2020-12-15 21:20:42,385 INFO [main] m.j.s.Main [Main.java:72] Početak aplikacije
2020-12-15 21:20:42,391 INFO [main] m.j.s.Main [Main.java:74] Učitavanje županija
2020-12-15 21:20:42,393 INFO [main] m.j.s.Main [Main.java:91] Učitavanje simptoma
2020-12-15 21:20:42,396 INFO [main] m.j.s.Main [Main.java:114] Učitavanje bolesti
2020-12-15 21:20:42,397 INFO [main] m.j.s.Main [Main.java:134] Učitavanje virusa
2020-12-15 21:20:42,399 INFO [main] m.j.s.Main [Main.java:154] Učitavanje osoba
2020-12-15 21:20:42,402 INFO [main] m.j.s.Main [Main.java:199] Završen upis podataka
2020-12-15 21:29:33,061 INFO [main] m.j.s.Main [Main.java:72] Početak aplikacije
2020-12-15 21:29:33,066 INFO [main] m.j.s.Main [Main.java:74] Učitavanje županija
2020-12-15 21:29:33,068 INFO [main] m.j.s.Main [Main.java:91] Učitavanje simptoma
2020-12-15 21:29:33,071 INFO [main] m.j.s.Main [Main.java:114] Učitavanje bolesti
2020-12-15 21:29:33,072 INFO [main] m.j.s.Main [Main.java:134] Učitavanje virusa
2020-12-15 21:29:33,074 INFO [main] m.j.s.Main [Main.java:154] Učitavanje osoba
2020-12-15 21:29:33,077 INFO [main] m.j.s.Main [Main.java:199] Završen upis podataka
2020-12-15 21:36:59,719 INFO [main] m.j.s.Main [Main.java:72] Početak aplikacije
2020-12-15 21:36:59,723 INFO [main] m.j.s.Main [Main.java:74] Učitavanje županija
2020-12-15 21:36:59,726 INFO [main] m.j.s.Main [Main.java:91] Učitavanje simptoma
2020-12-15 21:36:59,728 INFO [main] m.j.s.Main [Main.java:114] Učitavanje bolesti
2020-12-15 21:36:59,730 INFO [main] m.j.s.Main [Main.java:134] Učitavanje virusa
2020-12-15 21:36:59,731 INFO [main] m.j.s.Main [Main.java:154] Učitavanje osoba
2020-12-15 21:36:59,734 INFO [main] m.j.s.Main [Main.java:199] Završen upis podataka
2020-12-15 21:37:57,562 INFO [main] m.j.s.Main [Main.java:72] Početak aplikacije
2020-12-15 21:37:57,567 INFO [main] m.j.s.Main [Main.java:74] Učitavanje županija
2020-12-15 21:37:57,570 INFO [main] m.j.s.Main [Main.java:91] Učitavanje simptoma
2020-12-15 21:37:57,572 INFO [main] m.j.s.Main [Main.java:114] Učitavanje bolesti
2020-12-15 21:37:57,574 INFO [main] m.j.s.Main [Main.java:134] Učitavanje virusa
2020-12-15 21:37:57,576 INFO [main] m.j.s.Main [Main.java:154] Učitavanje osoba
2020-12-15 21:37:57,579 INFO [main] m.j.s.Main [Main.java:199] Završen upis podataka
2020-12-15 22:18:51,086 INFO [main] m.j.s.Main [Main.java:72] Početak aplikacije
2020-12-15 22:18:51,090 INFO [main] m.j.s.Main [Main.java:74] Učitavanje županija
2020-12-15 22:18:51,093 INFO [main] m.j.s.Main [Main.java:91] Učitavanje simptoma
2020-12-15 22:18:51,094 INFO [main] m.j.s.Main [Main.java:114] Učitavanje bolesti
2020-12-15 22:18:51,097 INFO [main] m.j.s.Main [Main.java:134] Učitavanje virusa
2020-12-15 22:18:51,099 INFO [main] m.j.s.Main [Main.java:154] Učitavanje osoba
2020-12-15 22:18:51,103 INFO [main] m.j.s.Main [Main.java:199] Završen upis podataka
2020-12-15 22:27:38,770 INFO [main] m.j.s.Main [Main.java:72] Početak aplikacije
2020-12-15 22:27:38,778 INFO [main] m.j.s.Main [Main.java:74] Učitavanje županija
2020-12-15 22:27:38,782 INFO [main] m.j.s.Main [Main.java:91] Učitavanje simptoma
2020-12-15 22:27:38,786 INFO [main] m.j.s.Main [Main.java:114] Učitavanje bolesti
2020-12-15 22:27:38,788 INFO [main] m.j.s.Main [Main.java:134] Učitavanje virusa
2020-12-15 22:27:38,791 INFO [main] m.j.s.Main [Main.java:154] Učitavanje osoba
2020-12-15 22:27:38,794 INFO [main] m.j.s.Main [Main.java:199] Završen upis podataka
2020-12-15 22:35:48,107 INFO [main] m.j.s.Main [Main.java:72] Početak aplikacije
2020-12-15 22:35:48,114 INFO [main] m.j.s.Main [Main.java:74] Učitavanje županija
2020-12-15 22:35:48,117 INFO [main] m.j.s.Main [Main.java:91] Učitavanje simptoma
2020-12-15 22:35:48,120 INFO [main] m.j.s.Main [Main.java:114] Učitavanje bolesti
2020-12-15 22:35:48,122 INFO [main] m.j.s.Main [Main.java:134] Učitavanje virusa
2020-12-15 22:35:48,124 INFO [main] m.j.s.Main [Main.java:154] Učitavanje osoba
2020-12-15 22:35:48,127 INFO [main] m.j.s.Main [Main.java:199] Završen upis podataka
2020-12-15 23:06:53,104 INFO [main] m.j.s.Main [Main.java:72] Početak aplikacije
2020-12-15 23:06:53,110 INFO [main] m.j.s.Main [Main.java:74] Učitavanje županija
2020-12-15 23:06:53,113 INFO [main] m.j.s.Main [Main.java:91] Učitavanje simptoma
2020-12-15 23:06:53,116 INFO [main] m.j.s.Main [Main.java:114] Učitavanje bolesti
2020-12-15 23:06:53,117 INFO [main] m.j.s.Main [Main.java:134] Učitavanje virusa
2020-12-15 23:06:53,119 INFO [main] m.j.s.Main [Main.java:154] Učitavanje osoba
2020-12-15 23:06:53,124 INFO [main] m.j.s.Main [Main.java:199] Završen upis podataka
2020-12-15 23:09:57,720 INFO [main] m.j.s.Main [Main.java:72] Početak aplikacije
2020-12-15 23:09:57,724 INFO [main] m.j.s.Main [Main.java:74] Učitavanje županija
2020-12-15 23:09:57,730 INFO [main] m.j.s.Main [Main.java:91] Učitavanje simptoma
2020-12-15 23:09:57,732 INFO [main] m.j.s.Main [Main.java:114] Učitavanje bolesti
2020-12-15 23:09:57,734 INFO [main] m.j.s.Main [Main.java:134] Učitavanje virusa
2020-12-15 23:09:57,736 INFO [main] m.j.s.Main [Main.java:154] Učitavanje osoba
2020-12-15 23:09:57,739 INFO [main] m.j.s.Main [Main.java:199] Završen upis podataka
2020-12-15 23:12:09,548 INFO [main] m.j.s.Main [Main.java:72] Početak aplikacije
2020-12-15 23:12:09,555 INFO [main] m.j.s.Main [Main.java:74] Učitavanje županija
2020-12-15 23:12:09,558 INFO [main] m.j.s.Main [Main.java:91] Učitavanje simptoma
2020-12-15 23:12:09,561 INFO [main] m.j.s.Main [Main.java:114] Učitavanje bolesti
2020-12-15 23:12:09,563 INFO [main] m.j.s.Main [Main.java:134] Učitavanje virusa
2020-12-15 23:12:09,565 INFO [main] m.j.s.Main [Main.java:154] Učitavanje osoba
2020-12-15 23:12:09,568 INFO [main] m.j.s.Main [Main.java:199] Završen upis podataka
2020-12-15 23:13:10,015 INFO [main] m.j.s.Main [Main.java:72] Početak aplikacije
2020-12-15 23:13:10,021 INFO [main] m.j.s.Main [Main.java:74] Učitavanje županija
2020-12-15 23:13:10,024 INFO [main] m.j.s.Main [Main.java:91] Učitavanje simptoma
2020-12-15 23:13:10,027 INFO [main] m.j.s.Main [Main.java:114] Učitavanje bolesti
2020-12-15 23:13:10,048 INFO [main] m.j.s.Main [Main.java:134] Učitavanje virusa
2020-12-15 23:13:10,050 INFO [main] m.j.s.Main [Main.java:154] Učitavanje osoba
2020-12-15 23:13:10,052 INFO [main] m.j.s.Main [Main.java:199] Završen upis podataka
2020-12-15 23:14:22,469 INFO [main] m.j.s.Main [Main.java:72] Početak aplikacije
2020-12-15 23:14:22,475 INFO [main] m.j.s.Main [Main.java:74] Učitavanje županija
2020-12-15 23:14:22,479 INFO [main] m.j.s.Main [Main.java:91] Učitavanje simptoma
2020-12-15 23:14:22,481 INFO [main] m.j.s.Main [Main.java:114] Učitavanje bolesti
2020-12-15 23:14:22,483 INFO [main] m.j.s.Main [Main.java:134] Učitavanje virusa
2020-12-15 23:14:22,485 INFO [main] m.j.s.Main [Main.java:154] Učitavanje osoba
2020-12-15 23:14:22,487 INFO [main] m.j.s.Main [Main.java:199] Završen upis podataka
2020-12-16 00:15:04,130 INFO [main] m.j.s.Main [Main.java:72] Početak aplikacije
2020-12-16 00:15:04,137 INFO [main] m.j.s.Main [Main.java:74] Učitavanje županija
2020-12-16 00:15:04,140 INFO [main] m.j.s.Main [Main.java:91] Učitavanje simptoma
2020-12-16 00:15:04,143 INFO [main] m.j.s.Main [Main.java:114] Učitavanje bolesti
2020-12-16 00:15:04,145 INFO [main] m.j.s.Main [Main.java:134] Učitavanje virusa
2020-12-16 00:15:04,147 INFO [main] m.j.s.Main [Main.java:154] Učitavanje osoba
2020-12-16 00:15:04,150 INFO [main] m.j.s.Main [Main.java:199] Završen upis podataka
2020-12-16 00:18:21,009 INFO [main] m.j.s.Main [Main.java:72] Početak aplikacije
2020-12-16 00:18:21,014 INFO [main] m.j.s.Main [Main.java:74] Učitavanje županija
2020-12-16 00:18:21,019 INFO [main] m.j.s.Main [Main.java:91] Učitavanje simptoma
2020-12-16 00:18:21,023 INFO [main] m.j.s.Main [Main.java:114] Učitavanje bolesti
2020-12-16 00:18:21,025 INFO [main] m.j.s.Main [Main.java:134] Učitavanje virusa
2020-12-16 00:18:21,027 INFO [main] m.j.s.Main [Main.java:154] Učitavanje osoba
2020-12-16 00:18:21,030 INFO [main] m.j.s.Main [Main.java:199] Završen upis podataka
2020-12-16 00:18:42,480 INFO [main] m.j.s.Main [Main.java:72] Početak aplikacije
2020-12-16 00:18:42,489 INFO [main] m.j.s.Main [Main.java:74] Učitavanje županija
2020-12-16 00:18:42,492 INFO [main] m.j.s.Main [Main.java:91] Učitavanje simptoma
2020-12-16 00:18:42,495 INFO [main] m.j.s.Main [Main.java:114] Učitavanje bolesti
2020-12-16 00:18:42,498 INFO [main] m.j.s.Main [Main.java:134] Učitavanje virusa
2020-12-16 00:18:42,501 INFO [main] m.j.s.Main [Main.java:154] Učitavanje osoba
2020-12-16 00:18:42,505 INFO [main] m.j.s.Main [Main.java:199] Završen upis podataka
2020-12-16 00:19:33,925 INFO [main] m.j.s.Main [Main.java:72] Početak aplikacije
2020-12-16 00:19:33,935 INFO [main] m.j.s.Main [Main.java:74] Učitavanje županija
2020-12-16 00:19:33,939 INFO [main] m.j.s.Main [Main.java:91] Učitavanje simptoma
2020-12-16 00:19:33,944 INFO [main] m.j.s.Main [Main.java:114] Učitavanje bolesti
2020-12-16 00:19:33,947 INFO [main] m.j.s.Main [Main.java:134] Učitavanje virusa
2020-12-16 00:19:33,951 INFO [main] m.j.s.Main [Main.java:154] Učitavanje osoba
2020-12-16 00:19:33,955 INFO [main] m.j.s.Main [Main.java:199] Završen upis podataka
2020-12-16 00:20:49,203 INFO [main] m.j.s.Main [Main.java:72] Početak aplikacije
2020-12-16 00:20:49,212 INFO [main] m.j.s.Main [Main.java:74] Učitavanje županija
2020-12-16 00:20:49,215 INFO [main] m.j.s.Main [Main.java:91] Učitavanje simptoma
2020-12-16 00:20:49,218 INFO [main] m.j.s.Main [Main.java:114] Učitavanje bolesti
2020-12-16 00:20:49,221 INFO [main] m.j.s.Main [Main.java:134] Učitavanje virusa
2020-12-16 00:20:49,224 INFO [main] m.j.s.Main [Main.java:154] Učitavanje osoba
2020-12-16 00:20:49,227 INFO [main] m.j.s.Main [Main.java:199] Završen upis podataka
2020-12-16 00:22:31,866 INFO [main] m.j.s.Main [Main.java:72] Početak aplikacije
2020-12-16 00:22:31,874 INFO [main] m.j.s.Main [Main.java:74] Učitavanje županija
2020-12-16 00:22:31,878 INFO [main] m.j.s.Main [Main.java:91] Učitavanje simptoma
2020-12-16 00:22:31,882 INFO [main] m.j.s.Main [Main.java:114] Učitavanje bolesti
2020-12-16 00:22:31,884 INFO [main] m.j.s.Main [Main.java:134] Učitavanje virusa
2020-12-16 00:22:31,887 INFO [main] m.j.s.Main [Main.java:154] Učitavanje osoba
2020-12-16 00:22:31,893 INFO [main] m.j.s.Main [Main.java:199] Završen upis podataka
2020-12-16 00:23:59,904 INFO [main] m.j.s.Main [Main.java:72] Početak aplikacije
2020-12-16 00:23:59,913 INFO [main] m.j.s.Main [Main.java:74] Učitavanje županija
2020-12-16 00:23:59,917 INFO [main] m.j.s.Main [Main.java:91] Učitavanje simptoma
2020-12-16 00:23:59,921 INFO [main] m.j.s.Main [Main.java:114] Učitavanje bolesti
2020-12-16 00:23:59,923 INFO [main] m.j.s.Main [Main.java:134] Učitavanje virusa
2020-12-16 00:23:59,925 INFO [main] m.j.s.Main [Main.java:154] Učitavanje osoba
2020-12-16 00:23:59,929 INFO [main] m.j.s.Main [Main.java:199] Završen upis podataka
2020-12-16 00:25:01,790 INFO [main] m.j.s.Main [Main.java:72] Početak aplikacije
2020-12-16 00:25:01,795 INFO [main] m.j.s.Main [Main.java:74] Učitavanje županija
2020-12-16 00:25:01,799 INFO [main] m.j.s.Main [Main.java:91] Učitavanje simptoma
2020-12-16 00:25:01,802 INFO [main] m.j.s.Main [Main.java:114] Učitavanje bolesti
2020-12-16 00:25:01,805 INFO [main] m.j.s.Main [Main.java:134] Učitavanje virusa
2020-12-16 00:25:01,809 INFO [main] m.j.s.Main [Main.java:154] Učitavanje osoba
2020-12-16 00:25:01,811 INFO [main] m.j.s.Main [Main.java:199] Završen upis podataka
2020-12-16 00:26:23,161 INFO [main] m.j.s.Main [Main.java:72] Početak aplikacije
2020-12-16 00:26:23,167 INFO [main] m.j.s.Main [Main.java:74] Učitavanje županija
2020-12-16 00:26:23,204 INFO [main] m.j.s.Main [Main.java:91] Učitavanje simptoma
2020-12-16 00:26:23,246 INFO [main] m.j.s.Main [Main.java:114] Učitavanje bolesti
2020-12-16 00:26:23,277 INFO [main] m.j.s.Main [Main.java:134] Učitavanje virusa
2020-12-16 00:26:23,318 INFO [main] m.j.s.Main [Main.java:154] Učitavanje osoba
2020-12-16 00:26:23,352 INFO [main] m.j.s.Main [Main.java:199] Završen upis podataka
2020-12-16 00:59:03,973 INFO [main] m.j.s.Main [Main.java:72] Početak aplikacije
2020-12-16 00:59:03,979 INFO [main] m.j.s.Main [Main.java:74] Učitavanje županija
2020-12-16 00:59:03,982 INFO [main] m.j.s.Main [Main.java:91] Učitavanje simptoma
2020-12-16 00:59:03,985 INFO [main] m.j.s.Main [Main.java:114] Učitavanje bolesti
2020-12-16 00:59:03,987 INFO [main] m.j.s.Main [Main.java:134] Učitavanje virusa
2020-12-16 00:59:03,990 INFO [main] m.j.s.Main [Main.java:154] Učitavanje osoba
2020-12-16 00:59:03,994 INFO [main] m.j.s.Main [Main.java:199] Završen upis podataka
2020-12-16 01:02:16,829 INFO [main] m.j.s.Main [Main.java:72] Početak aplikacije
2020-12-16 01:02:16,835 INFO [main] m.j.s.Main [Main.java:74] Učitavanje županija
2020-12-16 01:02:16,838 INFO [main] m.j.s.Main [Main.java:91] Učitavanje simptoma
2020-12-16 01:02:16,841 INFO [main] m.j.s.Main [Main.java:114] Učitavanje bolesti
2020-12-16 01:02:16,843 INFO [main] m.j.s.Main [Main.java:134] Učitavanje virusa
2020-12-16 01:02:16,846 INFO [main] m.j.s.Main [Main.java:154] Učitavanje osoba
2020-12-16 01:02:16,849 INFO [main] m.j.s.Main [Main.java:199] Završen upis podataka
2020-12-16 01:05:26,798 INFO [main] m.j.s.Main [Main.java:72] Početak aplikacije
2020-12-16 01:05:26,804 INFO [main] m.j.s.Main [Main.java:74] Učitavanje županija
2020-12-16 01:05:26,807 INFO [main] m.j.s.Main [Main.java:91] Učitavanje simptoma
2020-12-16 01:05:26,809 INFO [main] m.j.s.Main [Main.java:114] Učitavanje bolesti
2020-12-16 01:05:26,811 INFO [main] m.j.s.Main [Main.java:134] Učitavanje virusa
2020-12-16 01:05:26,813 INFO [main] m.j.s.Main [Main.java:154] Učitavanje osoba
2020-12-16 01:05:26,815 INFO [main] m.j.s.Main [Main.java:199] Završen upis podataka
2020-12-16 01:06:40,862 INFO [main] m.j.s.Main [Main.java:72] Početak aplikacije
2020-12-16 01:06:40,868 INFO [main] m.j.s.Main [Main.java:74] Učitavanje županija
2020-12-16 01:06:40,871 INFO [main] m.j.s.Main [Main.java:91] Učitavanje simptoma
2020-12-16 01:06:40,874 INFO [main] m.j.s.Main [Main.java:114] Učitavanje bolesti
2020-12-16 01:06:40,876 INFO [main] m.j.s.Main [Main.java:134] Učitavanje virusa
2020-12-16 01:06:40,877 INFO [main] m.j.s.Main [Main.java:154] Učitavanje osoba
2020-12-16 01:06:40,879 INFO [main] m.j.s.Main [Main.java:199] Završen upis podataka
2020-12-16 20:32:04,476 INFO [main] m.j.s.Main [Main.java:72] Početak aplikacije
2020-12-16 20:32:04,482 INFO [main] m.j.s.Main [Main.java:74] Učitavanje županija
2020-12-16 20:32:04,485 INFO [main] m.j.s.Main [Main.java:91] Učitavanje simptoma
2020-12-16 20:32:04,489 INFO [main] m.j.s.Main [Main.java:114] Učitavanje bolesti
2020-12-16 20:32:04,492 INFO [main] m.j.s.Main [Main.java:134] Učitavanje virusa
2020-12-16 20:32:04,494 INFO [main] m.j.s.Main [Main.java:154] Učitavanje osoba
2020-12-16 20:32:04,498 INFO [main] m.j.s.Main [Main.java:199] Završen upis podataka
2020-12-16 20:50:11,621 INFO [main] m.j.s.Main [Main.java:72] Početak aplikacije
2020-12-16 20:50:11,627 INFO [main] m.j.s.Main [Main.java:74] Učitavanje županija
2020-12-16 20:50:11,629 INFO [main] m.j.s.Main [Main.java:91] Učitavanje simptoma
2020-12-16 20:50:11,631 INFO [main] m.j.s.Main [Main.java:114] Učitavanje bolesti
2020-12-16 20:50:11,634 INFO [main] m.j.s.Main [Main.java:134] Učitavanje virusa
2020-12-16 20:50:11,635 INFO [main] m.j.s.Main [Main.java:154] Učitavanje osoba
2020-12-16 20:50:11,638 INFO [main] m.j.s.Main [Main.java:199] Završen upis podataka
2020-12-16 20:56:43,298 INFO [main] m.j.s.Main [Main.java:73] Početak aplikacije
2020-12-16 20:56:43,303 INFO [main] m.j.s.Main [Main.java:75] Učitavanje županija
2020-12-16 20:56:43,306 INFO [main] m.j.s.Main [Main.java:92] Učitavanje simptoma
2020-12-16 20:56:43,309 INFO [main] m.j.s.Main [Main.java:115] Učitavanje bolesti
2020-12-16 20:56:43,311 INFO [main] m.j.s.Main [Main.java:135] Učitavanje virusa
2020-12-16 20:56:43,313 INFO [main] m.j.s.Main [Main.java:155] Učitavanje osoba
2020-12-16 20:56:43,315 INFO [main] m.j.s.Main [Main.java:200] Završen upis podataka
2020-12-16 20:57:51,778 INFO [main] m.j.s.Main [Main.java:73] Početak aplikacije
2020-12-16 20:57:51,784 INFO [main] m.j.s.Main [Main.java:75] Učitavanje županija
2020-12-16 20:57:51,787 INFO [main] m.j.s.Main [Main.java:92] Učitavanje simptoma
2020-12-16 20:57:51,789 INFO [main] m.j.s.Main [Main.java:115] Učitavanje bolesti
2020-12-16 20:57:51,791 INFO [main] m.j.s.Main [Main.java:135] Učitavanje virusa
2020-12-16 20:57:51,793 INFO [main] m.j.s.Main [Main.java:155] Učitavanje osoba
2020-12-16 20:57:51,795 INFO [main] m.j.s.Main [Main.java:200] Završen upis podataka
2020-12-17 16:47:15,733 INFO [main] m.j.s.Main [Main.java:73] Početak aplikacije
2020-12-17 16:47:15,740 INFO [main] m.j.s.Main [Main.java:75] Učitavanje županija
2020-12-17 16:47:15,745 INFO [main] m.j.s.Main [Main.java:92] Učitavanje simptoma
2020-12-17 16:47:15,752 INFO [main] m.j.s.Main [Main.java:115] Učitavanje bolesti
2020-12-17 16:47:15,757 INFO [main] m.j.s.Main [Main.java:135] Učitavanje virusa
2020-12-17 16:47:15,776 INFO [main] m.j.s.Main [Main.java:155] Učitavanje osoba
2020-12-17 16:47:15,815 INFO [main] m.j.s.Main [Main.java:203] Završen upis podataka
2020-12-17 16:56:40,043 INFO [main] m.j.s.Main [Main.java:73] Početak aplikacije
2020-12-17 16:56:40,050 INFO [main] m.j.s.Main [Main.java:75] Učitavanje županija
2020-12-17 16:56:40,054 INFO [main] m.j.s.Main [Main.java:92] Učitavanje simptoma
2020-12-17 16:56:40,056 INFO [main] m.j.s.Main [Main.java:115] Učitavanje bolesti
2020-12-17 16:56:40,058 INFO [main] m.j.s.Main [Main.java:135] Učitavanje virusa
2020-12-17 16:56:40,060 INFO [main] m.j.s.Main [Main.java:155] Učitavanje osoba
2020-12-17 16:56:40,064 INFO [main] m.j.s.Main [Main.java:203] Završen upis podataka
2020-12-17 17:00:05,410 INFO [main] m.j.s.Main [Main.java:73] Početak aplikacije
2020-12-17 17:00:05,415 INFO [main] m.j.s.Main [Main.java:75] Učitavanje županija
2020-12-17 17:00:05,419 INFO [main] m.j.s.Main [Main.java:92] Učitavanje simptoma
2020-12-17 17:00:05,421 INFO [main] m.j.s.Main [Main.java:115] Učitavanje bolesti
2020-12-17 17:00:05,424 INFO [main] m.j.s.Main [Main.java:135] Učitavanje virusa
2020-12-17 17:00:05,427 INFO [main] m.j.s.Main [Main.java:155] Učitavanje osoba
2020-12-17 17:00:05,448 INFO [main] m.j.s.Main [Main.java:203] Završen upis podataka
2020-12-17 17:14:25,543 INFO [main] m.j.s.Main [Main.java:73] Početak aplikacije
2020-12-17 17:14:25,549 INFO [main] m.j.s.Main [Main.java:75] Učitavanje županija
2020-12-17 17:14:25,554 INFO [main] m.j.s.Main [Main.java:92] Učitavanje simptoma
2020-12-17 17:14:25,557 INFO [main] m.j.s.Main [Main.java:115] Učitavanje bolesti
2020-12-17 17:14:25,560 INFO [main] m.j.s.Main [Main.java:135] Učitavanje virusa
2020-12-17 17:14:25,562 INFO [main] m.j.s.Main [Main.java:155] Učitavanje osoba
2020-12-17 17:14:25,565 INFO [main] m.j.s.Main [Main.java:203] Završen upis podataka
2020-12-17 17:15:09,296 INFO [main] m.j.s.Main [Main.java:73] Početak aplikacije
2020-12-17 17:15:09,303 INFO [main] m.j.s.Main [Main.java:75] Učitavanje županija
2020-12-17 17:15:09,306 INFO [main] m.j.s.Main [Main.java:92] Učitavanje simptoma
2020-12-17 17:15:09,309 INFO [main] m.j.s.Main [Main.java:115] Učitavanje bolesti
2020-12-17 17:15:09,312 INFO [main] m.j.s.Main [Main.java:135] Učitavanje virusa
2020-12-17 17:15:09,314 INFO [main] m.j.s.Main [Main.java:155] Učitavanje osoba
2020-12-17 17:15:09,318 INFO [main] m.j.s.Main [Main.java:203] Završen upis podataka
2020-12-17 17:17:16,878 INFO [main] m.j.s.Main [Main.java:73] Početak aplikacije
2020-12-17 17:17:16,890 INFO [main] m.j.s.Main [Main.java:75] Učitavanje županija
2020-12-17 17:17:16,895 INFO [main] m.j.s.Main [Main.java:92] Učitavanje simptoma
2020-12-17 17:17:16,898 INFO [main] m.j.s.Main [Main.java:115] Učitavanje bolesti
2020-12-17 17:17:16,900 INFO [main] m.j.s.Main [Main.java:135] Učitavanje virusa
2020-12-17 17:17:16,903 INFO [main] m.j.s.Main [Main.java:155] Učitavanje osoba
2020-12-17 17:17:16,906 INFO [main] m.j.s.Main [Main.java:203] Završen upis podataka
2020-12-17 17:36:14,266 INFO [main] m.j.s.Main [Main.java:73] Početak aplikacije
2020-12-17 17:36:14,273 INFO [main] m.j.s.Main [Main.java:75] Učitavanje županija
2020-12-17 17:36:14,277 INFO [main] m.j.s.Main [Main.java:92] Učitavanje simptoma
2020-12-17 17:36:14,279 INFO [main] m.j.s.Main [Main.java:115] Učitavanje bolesti
2020-12-17 17:36:14,281 INFO [main] m.j.s.Main [Main.java:135] Učitavanje virusa
2020-12-17 17:36:14,283 INFO [main] m.j.s.Main [Main.java:155] Učitavanje osoba
2020-12-17 17:36:14,286 INFO [main] m.j.s.Main [Main.java:203] Završen upis podataka
2020-12-17 17:48:28,372 INFO [main] m.j.s.Main [Main.java:73] Početak aplikacije
2020-12-17 17:48:28,378 INFO [main] m.j.s.Main [Main.java:75] Učitavanje županija
2020-12-17 17:48:28,382 INFO [main] m.j.s.Main [Main.java:92] Učitavanje simptoma
2020-12-17 17:48:28,385 INFO [main] m.j.s.Main [Main.java:115] Učitavanje bolesti
2020-12-17 17:48:28,387 INFO [main] m.j.s.Main [Main.java:135] Učitavanje virusa
2020-12-17 17:48:28,390 INFO [main] m.j.s.Main [Main.java:155] Učitavanje osoba
2020-12-17 17:48:28,394 INFO [main] m.j.s.Main [Main.java:203] Završen upis podataka
2020-12-17 17:49:52,997 INFO [main] m.j.s.Main [Main.java:73] Početak aplikacije
2020-12-17 17:49:53,004 INFO [main] m.j.s.Main [Main.java:75] Učitavanje županija
2020-12-17 17:49:53,008 INFO [main] m.j.s.Main [Main.java:92] Učitavanje simptoma
2020-12-17 17:49:53,012 INFO [main] m.j.s.Main [Main.java:115] Učitavanje bolesti
2020-12-17 17:49:53,014 INFO [main] m.j.s.Main [Main.java:135] Učitavanje virusa
2020-12-17 17:49:53,016 INFO [main] m.j.s.Main [Main.java:155] Učitavanje osoba
2020-12-17 17:49:53,019 INFO [main] m.j.s.Main [Main.java:203] Završen upis podataka
2020-12-17 17:52:00,257 INFO [main] m.j.s.Main [Main.java:73] Početak aplikacije
2020-12-17 17:52:00,266 INFO [main] m.j.s.Main [Main.java:75] Učitavanje županija
2020-12-17 17:52:00,270 INFO [main] m.j.s.Main [Main.java:92] Učitavanje simptoma
2020-12-17 17:52:00,274 INFO [main] m.j.s.Main [Main.java:115] Učitavanje bolesti
2020-12-17 17:52:00,277 INFO [main] m.j.s.Main [Main.java:135] Učitavanje virusa
2020-12-17 17:52:00,281 INFO [main] m.j.s.Main [Main.java:155] Učitavanje osoba
2020-12-17 17:52:00,284 INFO [main] m.j.s.Main [Main.java:203] Završen upis podataka
